<?xml version="1.0" encoding="UTF-8"?>
<!-- Generated by org.testng.reporters.JUnitReportReporter -->
<testsuite skipped="0" hostname="DESKTOP-B1O0VS9" name="sprint1.Day3Sikuli_Test" tests="1" failures="0" timestamp="2020-08-21T12:26:44 MDT" time="18.641" errors="0">
  <testcase name="verifyWithSikuli" time="18.641" classname="sprint1.Day3Sikuli_Test"/>
  <system-out/>
</testsuite> <!-- sprint1.Day3Sikuli_Test -->
