<?xml version="1.0" encoding="UTF-8"?>
<!-- Generated by org.testng.reporters.JUnitReportReporter -->
<testsuite skipped="0" hostname="DESKTOP-B1O0VS9" name="screenshotDeom.getText" tests="1" failures="0" timestamp="2020-08-17T16:48:11 MDT" time="8.040" errors="0">
  <testcase name="gettextdemo" time="8.040" classname="screenshotDeom.getText"/>
  <system-out/>
</testsuite> <!-- screenshotDeom.getText -->
