<?xml version="1.0" encoding="UTF-8"?>
<!-- Generated by org.testng.reporters.JUnitReportReporter -->
<testsuite skipped="0" hostname="DESKTOP-B1O0VS9" name="sprint1.TC_006" tests="1" failures="0" timestamp="2020-08-31T13:33:13 MDT" time="40.075" errors="0">
  <testcase name="purchaseProduct" time="40.075" classname="sprint1.TC_006"/>
  <system-out/>
</testsuite> <!-- sprint1.TC_006 -->
