<?xml version="1.0" encoding="UTF-8"?>
<!-- Generated by org.testng.reporters.JUnitReportReporter -->
<testsuite skipped="0" hostname="DESKTOP-B1O0VS9" name="sprint1.TC_005" tests="1" failures="0" timestamp="2020-08-31T10:21:26 MDT" time="25.373" errors="0">
  <testcase name="emailTest" time="25.373" classname="sprint1.TC_005"/>
  <system-out/>
</testsuite> <!-- sprint1.TC_005 -->
