<?xml version="1.0" encoding="UTF-8"?>
<!-- Generated by org.testng.reporters.JUnitReportReporter -->
<testsuite skipped="0" hostname="DESKTOP-B1O0VS9" name="sprint1.day2_Test" tests="1" failures="0" timestamp="2020-08-28T09:50:57 MDT" time="8.803" errors="0">
  <testcase name="verifyThePrice" time="8.803" classname="sprint1.day2_Test"/>
  <system-out/>
</testsuite> <!-- sprint1.day2_Test -->
