<?xml version="1.0" encoding="UTF-8"?>
<!-- Generated by org.testng.reporters.JUnitReportReporter -->
<testsuite skipped="0" hostname="DESKTOP-B1O0VS9" name="dataDriven.DataProviderTest_01" tests="4" failures="0" timestamp="2020-08-12T14:33:52 MDT" time="58.157" errors="0">
  <testcase name="Login" time="21.983" classname="dataDriven.DataProviderTest_01"/>
  <system-out/>
  <testcase name="Login" time="12.994" classname="dataDriven.DataProviderTest_01"/>
  <system-out/>
  <testcase name="Login" time="11.499" classname="dataDriven.DataProviderTest_01"/>
  <system-out/>
  <testcase name="Login" time="11.681" classname="dataDriven.DataProviderTest_01"/>
  <system-out/>
</testsuite> <!-- dataDriven.DataProviderTest_01 -->
