<?xml version="1.0" encoding="UTF-8"?>
<!-- Generated by org.testng.reporters.JUnitReportReporter -->
<testsuite skipped="0" hostname="DESKTOP-B1O0VS9" name="sprint1.Day3_Test" tests="1" failures="0" timestamp="2020-08-28T11:52:10 MDT" time="10.257" errors="0">
  <testcase name="verifyCartErrorMessage" time="10.257" classname="sprint1.Day3_Test"/>
  <system-out/>
</testsuite> <!-- sprint1.Day3_Test -->
