<?xml version="1.0" encoding="UTF-8"?>
<!-- Generated by org.testng.reporters.JUnitReportReporter -->
<testsuite skipped="0" hostname="DESKTOP-B1O0VS9" name="sprint1.TC_004" tests="1" failures="0" timestamp="2020-08-28T13:10:10 MDT" time="17.872" errors="0">
  <testcase name="popupWindowVerify" time="17.872" classname="sprint1.TC_004"/>
  <system-out/>
</testsuite> <!-- sprint1.TC_004 -->
