<?xml version="1.0" encoding="UTF-8"?>
<!-- Generated by org.testng.reporters.JUnitReportReporter -->
<testsuite skipped="0" hostname="DESKTOP-B1O0VS9" name="sprint1.TC_001" tests="1" failures="0" timestamp="2020-08-17T14:09:45 MDT" time="26.359" errors="0">
  <testcase name="pageTitleTest" time="26.359" classname="sprint1.TC_001"/>
  <system-out/>
</testsuite> <!-- sprint1.TC_001 -->
