<?xml version="1.0" encoding="UTF-8"?>
<!-- Generated by org.testng.reporters.JUnitReportReporter -->
<testsuite skipped="0" hostname="DESKTOP-B1O0VS9" name="sprint1.Day1_Test" tests="1" failures="0" timestamp="2020-08-21T09:49:44 MDT" time="8.090" errors="0">
  <testcase name="f" time="8.090" classname="sprint1.Day1_Test"/>
  <system-out/>
</testsuite> <!-- sprint1.Day1_Test -->
